

=======================
yelp
 spider started at 2018-03-06 05:51:31.752182
 finised at 2018-03-06 05:51:31.753572
 0 records written
=======================


=======================
yelp
 spider started at 2018-03-06 05:53:21.349116
 finised at 2018-03-06 05:53:21.349554
 0 records written
=======================


=======================
yelp
 spider started at 2018-03-06 05:53:54.900849
 finised at 2018-03-06 05:53:56.390200
 0 records written
=======================


=======================
yelp
 spider started at 2018-03-06 05:53:56.411815

=======================
yelp
 spider started at 2018-03-06 05:54:06.034328
 finised at 2018-03-06 05:54:09.029140
 0 records written
=======================


=======================
yelp
 spider started at 2018-03-06 05:54:09.131539
 finised at 2018-03-06 05:54:12.434818
 0 records written
=======================


=======================
yelp
 spider started at 2018-03-06 05:54:12.827953
 finised at 2018-03-06 05:54:14.835004
 0 records written
=======================


=======================
yelp
 spider started at 2018-03-06 05:54:14.845490

=======================
yelp
 spider started at 2018-03-06 06:04:56.734448
 finised at 2018-03-06 06:04:58.903003
 0 records written
=======================


=======================
yelp
 spider started at 2018-03-06 06:04:58.921580